<coverage timestamp="1740284481" version="1.15.0" line-rate="0.7401" branch-rate="0" lines-covered="934" lines-valid="1262">
  <sources>
    <source>/Users/griffinstrier/custom/exporters</source>
  </sources>
  <packages>
    <package complexity="1.0" name="beautifier" branch-rate="0" line-rate="0.9578">
      <classes>
        <class complexity="1.0" filename="beautifier.py" name="beautifier.py" branch-rate="0" line-rate="0.9578">
          <methods/>
          <lines>
            <line branch="false" hits="1" number="5" precision="precise"/>
            <line branch="false" hits="1" number="9" precision="precise"/>
            <line branch="false" hits="1" number="24" precision="precise"/>
            <line branch="false" hits="1" number="28" precision="precise"/>
            <line branch="false" hits="1" number="29" precision="precise"/>
            <line branch="false" hits="1" number="30" precision="precise"/>
            <line branch="false" hits="1" number="31" precision="precise"/>
            <line branch="false" hits="1" number="32" precision="precise"/>
            <line branch="false" hits="1" number="33" precision="precise"/>
            <line branch="false" hits="1" number="34" precision="precise"/>
            <line branch="false" hits="1" number="35" precision="precise"/>
            <line branch="false" hits="1" number="36" precision="precise"/>
            <line branch="false" hits="1" number="37" precision="precise"/>
            <line branch="false" hits="1" number="38" precision="precise"/>
            <line branch="false" hits="1" number="39" precision="precise"/>
            <line branch="false" hits="1" number="40" precision="precise"/>
            <line branch="false" hits="1" number="44" precision="precise"/>
            <line branch="false" hits="0" number="45" precision="any"/>
            <line branch="false" hits="1" number="48" precision="precise"/>
            <line branch="false" hits="0" number="49" precision="any"/>
            <line branch="false" hits="0" number="50" precision="any"/>
            <line branch="false" hits="1" number="53" precision="precise"/>
            <line branch="false" hits="1" number="54" precision="precise"/>
            <line branch="false" hits="0" number="55" precision="any"/>
            <line branch="false" hits="1" number="58" precision="precise"/>
            <line branch="false" hits="1" number="61" precision="precise"/>
            <line branch="false" hits="1" number="62" precision="precise"/>
            <line branch="false" hits="1" number="63" precision="precise"/>
            <line branch="false" hits="1" number="65" precision="precise"/>
            <line branch="false" hits="1" number="73" precision="precise"/>
            <line branch="false" hits="1" number="76" precision="precise"/>
            <line branch="false" hits="1" number="77" precision="precise"/>
            <line branch="false" hits="1" number="80" precision="precise"/>
            <line branch="false" hits="0" number="81" precision="any"/>
            <line branch="false" hits="1" number="85" precision="unanalyzed"/>
            <line branch="false" hits="1" number="89" precision="precise"/>
            <line branch="false" hits="1" number="92" precision="precise"/>
            <line branch="false" hits="1" number="93" precision="precise"/>
            <line branch="false" hits="1" number="94" precision="precise"/>
            <line branch="false" hits="1" number="95" precision="precise"/>
            <line branch="false" hits="1" number="97" precision="precise"/>
            <line branch="false" hits="1" number="100" precision="precise"/>
            <line branch="false" hits="1" number="101" precision="precise"/>
            <line branch="false" hits="1" number="102" precision="precise"/>
            <line branch="false" hits="1" number="104" precision="precise"/>
            <line branch="false" hits="1" number="108" precision="precise"/>
            <line branch="false" hits="1" number="111" precision="precise"/>
            <line branch="false" hits="1" number="112" precision="precise"/>
            <line branch="false" hits="1" number="113" precision="precise"/>
            <line branch="false" hits="1" number="114" precision="precise"/>
            <line branch="false" hits="1" number="117" precision="precise"/>
            <line branch="false" hits="1" number="118" precision="precise"/>
            <line branch="false" hits="1" number="121" precision="precise"/>
            <line branch="false" hits="1" number="122" precision="precise"/>
            <line branch="false" hits="1" number="123" precision="precise"/>
            <line branch="false" hits="1" number="124" precision="precise"/>
            <line branch="false" hits="1" number="125" precision="precise"/>
            <line branch="false" hits="1" number="126" precision="precise"/>
            <line branch="false" hits="1" number="127" precision="precise"/>
            <line branch="false" hits="1" number="128" precision="precise"/>
            <line branch="false" hits="1" number="130" precision="precise"/>
            <line branch="false" hits="1" number="136" precision="precise"/>
            <line branch="false" hits="1" number="137" precision="precise"/>
            <line branch="false" hits="1" number="138" precision="precise"/>
            <line branch="false" hits="1" number="139" precision="precise"/>
            <line branch="false" hits="1" number="153" precision="precise"/>
            <line branch="false" hits="1" number="154" precision="precise"/>
            <line branch="false" hits="1" number="155" precision="precise"/>
            <line branch="false" hits="1" number="156" precision="precise"/>
            <line branch="false" hits="1" number="157" precision="precise"/>
            <line branch="false" hits="1" number="158" precision="precise"/>
            <line branch="false" hits="1" number="159" precision="precise"/>
            <line branch="false" hits="1" number="160" precision="precise"/>
            <line branch="false" hits="1" number="162" precision="precise"/>
            <line branch="false" hits="1" number="164" precision="precise"/>
            <line branch="false" hits="1" number="167" precision="precise"/>
            <line branch="false" hits="1" number="168" precision="precise"/>
            <line branch="false" hits="1" number="171" precision="precise"/>
            <line branch="false" hits="1" number="172" precision="precise"/>
            <line branch="false" hits="1" number="173" precision="precise"/>
            <line branch="false" hits="1" number="174" precision="precise"/>
            <line branch="false" hits="1" number="175" precision="precise"/>
            <line branch="false" hits="1" number="176" precision="precise"/>
            <line branch="false" hits="1" number="179" precision="precise"/>
            <line branch="false" hits="1" number="180" precision="precise"/>
            <line branch="false" hits="1" number="183" precision="precise"/>
            <line branch="false" hits="1" number="184" precision="precise"/>
            <line branch="false" hits="1" number="185" precision="precise"/>
            <line branch="false" hits="1" number="186" precision="precise"/>
            <line branch="false" hits="1" number="187" precision="precise"/>
            <line branch="false" hits="1" number="190" precision="precise"/>
            <line branch="false" hits="1" number="193" precision="precise"/>
            <line branch="false" hits="1" number="199" precision="precise"/>
            <line branch="false" hits="1" number="200" precision="precise"/>
            <line branch="true" hits="1" number="201" precision="imprecise" condition-coverage="50% (1/2)"/>
            <line branch="false" hits="1" number="202" precision="precise"/>
            <line branch="false" hits="1" number="204" precision="precise"/>
            <line branch="false" hits="0" number="207" precision="any"/>
            <line branch="false" hits="1" number="208" precision="precise"/>
            <line branch="false" hits="0" number="210" precision="any"/>
            <line branch="false" hits="1" number="212" precision="precise"/>
            <line branch="false" hits="1" number="213" precision="precise"/>
            <line branch="false" hits="1" number="214" precision="precise"/>
            <line branch="false" hits="1" number="216" precision="precise"/>
            <line branch="false" hits="1" number="217" precision="precise"/>
            <line branch="false" hits="1" number="218" precision="precise"/>
            <line branch="false" hits="1" number="219" precision="precise"/>
            <line branch="true" hits="1" number="221" precision="imprecise" condition-coverage="50% (1/2)"/>
            <line branch="false" hits="0" number="225" precision="any"/>
            <line branch="true" hits="1" number="227" precision="imprecise" condition-coverage="50% (1/2)"/>
            <line branch="true" hits="1" number="229" precision="imprecise" condition-coverage="50% (1/2)"/>
            <line branch="false" hits="1" number="231" precision="precise"/>
            <line branch="false" hits="1" number="233" precision="precise"/>
            <line branch="true" hits="1" number="234" precision="imprecise" condition-coverage="50% (1/2)"/>
            <line branch="false" hits="1" number="235" precision="precise"/>
            <line branch="false" hits="1" number="238" precision="precise"/>
            <line branch="false" hits="1" number="255" precision="precise"/>
            <line branch="false" hits="1" number="256" precision="precise"/>
            <line branch="false" hits="1" number="257" precision="precise"/>
            <line branch="false" hits="1" number="258" precision="precise"/>
            <line branch="false" hits="1" number="259" precision="precise"/>
            <line branch="false" hits="1" number="260" precision="precise"/>
            <line branch="false" hits="1" number="261" precision="precise"/>
            <line branch="false" hits="1" number="262" precision="precise"/>
            <line branch="false" hits="1" number="263" precision="precise"/>
            <line branch="false" hits="1" number="265" precision="precise"/>
            <line branch="false" hits="1" number="266" precision="precise"/>
            <line branch="false" hits="1" number="267" precision="precise"/>
            <line branch="false" hits="1" number="268" precision="precise"/>
            <line branch="false" hits="1" number="270" precision="precise"/>
            <line branch="false" hits="1" number="271" precision="precise"/>
            <line branch="false" hits="1" number="272" precision="precise"/>
            <line branch="false" hits="1" number="273" precision="precise"/>
            <line branch="false" hits="1" number="274" precision="precise"/>
            <line branch="false" hits="1" number="275" precision="precise"/>
            <line branch="false" hits="1" number="276" precision="precise"/>
            <line branch="false" hits="1" number="277" precision="precise"/>
            <line branch="false" hits="1" number="278" precision="precise"/>
            <line branch="false" hits="1" number="279" precision="precise"/>
            <line branch="false" hits="1" number="280" precision="precise"/>
            <line branch="false" hits="1" number="281" precision="precise"/>
            <line branch="false" hits="1" number="282" precision="precise"/>
            <line branch="false" hits="1" number="283" precision="precise"/>
            <line branch="false" hits="1" number="284" precision="precise"/>
            <line branch="false" hits="1" number="285" precision="precise"/>
            <line branch="false" hits="1" number="286" precision="precise"/>
            <line branch="false" hits="1" number="287" precision="precise"/>
            <line branch="false" hits="1" number="288" precision="precise"/>
            <line branch="false" hits="1" number="289" precision="precise"/>
            <line branch="false" hits="1" number="290" precision="precise"/>
            <line branch="false" hits="1" number="291" precision="precise"/>
            <line branch="false" hits="1" number="292" precision="precise"/>
            <line branch="false" hits="1" number="293" precision="precise"/>
            <line branch="false" hits="1" number="294" precision="precise"/>
            <line branch="false" hits="1" number="295" precision="precise"/>
            <line branch="false" hits="1" number="296" precision="precise"/>
            <line branch="false" hits="1" number="297" precision="precise"/>
            <line branch="false" hits="1" number="298" precision="precise"/>
            <line branch="false" hits="1" number="299" precision="precise"/>
            <line branch="false" hits="1" number="300" precision="precise"/>
            <line branch="false" hits="1" number="301" precision="precise"/>
            <line branch="false" hits="1" number="302" precision="precise"/>
            <line branch="false" hits="1" number="303" precision="precise"/>
            <line branch="false" hits="1" number="304" precision="precise"/>
            <line branch="false" hits="1" number="305" precision="precise"/>
            <line branch="false" hits="1" number="306" precision="precise"/>
            <line branch="false" hits="1" number="307" precision="precise"/>
            <line branch="false" hits="1" number="308" precision="precise"/>
            <line branch="false" hits="1" number="309" precision="precise"/>
            <line branch="false" hits="1" number="310" precision="precise"/>
            <line branch="false" hits="1" number="311" precision="precise"/>
            <line branch="false" hits="1" number="312" precision="precise"/>
            <line branch="false" hits="1" number="313" precision="precise"/>
            <line branch="false" hits="1" number="314" precision="precise"/>
            <line branch="false" hits="1" number="315" precision="precise"/>
            <line branch="false" hits="1" number="317" precision="precise"/>
            <line branch="false" hits="1" number="318" precision="precise"/>
            <line branch="false" hits="1" number="319" precision="precise"/>
            <line branch="false" hits="1" number="321" precision="precise"/>
            <line branch="false" hits="1" number="322" precision="precise"/>
            <line branch="false" hits="1" number="323" precision="precise"/>
            <line branch="false" hits="1" number="324" precision="precise"/>
            <line branch="false" hits="1" number="325" precision="precise"/>
            <line branch="false" hits="1" number="326" precision="precise"/>
            <line branch="false" hits="1" number="327" precision="precise"/>
            <line branch="false" hits="1" number="328" precision="precise"/>
            <line branch="false" hits="1" number="330" precision="precise"/>
            <line branch="false" hits="1" number="331" precision="precise"/>
            <line branch="false" hits="1" number="332" precision="precise"/>
            <line branch="false" hits="1" number="333" precision="precise"/>
            <line branch="false" hits="1" number="335" precision="precise"/>
            <line branch="false" hits="1" number="336" precision="precise"/>
            <line branch="false" hits="1" number="337" precision="precise"/>
            <line branch="false" hits="1" number="338" precision="precise"/>
            <line branch="false" hits="1" number="339" precision="precise"/>
            <line branch="false" hits="1" number="340" precision="precise"/>
            <line branch="false" hits="1" number="341" precision="precise"/>
            <line branch="false" hits="1" number="342" precision="precise"/>
            <line branch="false" hits="1" number="343" precision="precise"/>
            <line branch="false" hits="1" number="344" precision="precise"/>
            <line branch="false" hits="1" number="345" precision="precise"/>
            <line branch="false" hits="1" number="346" precision="precise"/>
            <line branch="false" hits="1" number="347" precision="precise"/>
            <line branch="false" hits="1" number="348" precision="precise"/>
            <line branch="false" hits="1" number="349" precision="precise"/>
            <line branch="false" hits="1" number="350" precision="precise"/>
            <line branch="false" hits="1" number="351" precision="precise"/>
            <line branch="false" hits="1" number="352" precision="precise"/>
            <line branch="false" hits="1" number="353" precision="precise"/>
            <line branch="false" hits="1" number="355" precision="precise"/>
            <line branch="false" hits="1" number="356" precision="precise"/>
            <line branch="false" hits="1" number="357" precision="precise"/>
            <line branch="false" hits="1" number="359" precision="precise"/>
            <line branch="false" hits="1" number="360" precision="precise"/>
            <line branch="false" hits="1" number="361" precision="precise"/>
            <line branch="false" hits="1" number="362" precision="precise"/>
            <line branch="false" hits="1" number="363" precision="precise"/>
            <line branch="false" hits="1" number="364" precision="precise"/>
            <line branch="false" hits="1" number="365" precision="precise"/>
            <line branch="false" hits="1" number="366" precision="precise"/>
            <line branch="false" hits="1" number="368" precision="precise"/>
            <line branch="false" hits="1" number="369" precision="precise"/>
            <line branch="false" hits="1" number="370" precision="precise"/>
            <line branch="false" hits="1" number="371" precision="precise"/>
            <line branch="false" hits="1" number="373" precision="precise"/>
            <line branch="false" hits="1" number="377" precision="precise"/>
            <line branch="false" hits="1" number="386" precision="precise"/>
            <line branch="false" hits="1" number="387" precision="precise"/>
            <line branch="false" hits="1" number="388" precision="precise"/>
            <line branch="false" hits="1" number="389" precision="precise"/>
            <line branch="false" hits="1" number="390" precision="precise"/>
            <line branch="false" hits="1" number="392" precision="precise"/>
            <line branch="false" hits="1" number="394" precision="precise"/>
            <line branch="true" hits="1" number="396" precision="imprecise" condition-coverage="50% (1/2)"/>
            <line branch="false" hits="1" number="404" precision="precise"/>
            <line branch="false" hits="1" number="405" precision="precise"/>
            <line branch="false" hits="1" number="406" precision="precise"/>
            <line branch="false" hits="1" number="407" precision="precise"/>
            <line branch="false" hits="1" number="409" precision="precise"/>
            <line branch="false" hits="1" number="413" precision="precise"/>
            <line branch="false" hits="1" number="414" precision="precise"/>
            <line branch="false" hits="1" number="415" precision="precise"/>
            <line branch="false" hits="1" number="416" precision="precise"/>
            <line branch="false" hits="1" number="417" precision="precise"/>
            <line branch="false" hits="1" number="418" precision="precise"/>
            <line branch="false" hits="1" number="419" precision="precise"/>
            <line branch="false" hits="1" number="421" precision="precise"/>
            <line branch="false" hits="1" number="422" precision="precise"/>
            <line branch="false" hits="1" number="423" precision="precise"/>
            <line branch="false" hits="1" number="424" precision="precise"/>
            <line branch="false" hits="1" number="425" precision="precise"/>
            <line branch="false" hits="1" number="426" precision="precise"/>
            <line branch="false" hits="1" number="427" precision="precise"/>
            <line branch="false" hits="1" number="428" precision="precise"/>
            <line branch="false" hits="1" number="429" precision="precise"/>
            <line branch="false" hits="1" number="430" precision="precise"/>
            <line branch="false" hits="1" number="431" precision="precise"/>
            <line branch="false" hits="1" number="432" precision="precise"/>
            <line branch="false" hits="1" number="433" precision="precise"/>
            <line branch="false" hits="1" number="434" precision="precise"/>
            <line branch="false" hits="1" number="435" precision="precise"/>
            <line branch="false" hits="1" number="437" precision="precise"/>
            <line branch="false" hits="1" number="438" precision="precise"/>
            <line branch="false" hits="1" number="439" precision="precise"/>
            <line branch="false" hits="1" number="440" precision="precise"/>
            <line branch="false" hits="1" number="441" precision="precise"/>
            <line branch="false" hits="1" number="442" precision="precise"/>
            <line branch="false" hits="1" number="443" precision="precise"/>
            <line branch="false" hits="1" number="444" precision="precise"/>
            <line branch="false" hits="1" number="446" precision="precise"/>
            <line branch="false" hits="1" number="447" precision="precise"/>
            <line branch="false" hits="1" number="448" precision="precise"/>
            <line branch="false" hits="1" number="449" precision="precise"/>
            <line branch="false" hits="1" number="450" precision="precise"/>
            <line branch="false" hits="1" number="451" precision="precise"/>
            <line branch="false" hits="1" number="452" precision="precise"/>
            <line branch="false" hits="1" number="453" precision="precise"/>
            <line branch="false" hits="1" number="454" precision="precise"/>
            <line branch="false" hits="1" number="455" precision="precise"/>
            <line branch="false" hits="1" number="456" precision="precise"/>
            <line branch="false" hits="1" number="457" precision="precise"/>
            <line branch="false" hits="1" number="458" precision="precise"/>
            <line branch="false" hits="1" number="459" precision="precise"/>
            <line branch="false" hits="1" number="461" precision="precise"/>
            <line branch="false" hits="1" number="462" precision="precise"/>
            <line branch="false" hits="1" number="463" precision="precise"/>
            <line branch="false" hits="1" number="464" precision="precise"/>
            <line branch="false" hits="1" number="465" precision="precise"/>
            <line branch="false" hits="1" number="466" precision="precise"/>
            <line branch="false" hits="1" number="467" precision="precise"/>
            <line branch="false" hits="1" number="468" precision="precise"/>
            <line branch="false" hits="1" number="469" precision="precise"/>
            <line branch="false" hits="1" number="470" precision="precise"/>
            <line branch="false" hits="1" number="471" precision="precise"/>
            <line branch="false" hits="1" number="472" precision="precise"/>
            <line branch="false" hits="1" number="473" precision="precise"/>
            <line branch="false" hits="1" number="474" precision="precise"/>
            <line branch="false" hits="1" number="475" precision="precise"/>
            <line branch="false" hits="1" number="477" precision="precise"/>
            <line branch="false" hits="1" number="478" precision="precise"/>
            <line branch="false" hits="1" number="480" precision="precise"/>
            <line branch="false" hits="1" number="481" precision="precise"/>
            <line branch="false" hits="1" number="482" precision="precise"/>
            <line branch="false" hits="1" number="483" precision="precise"/>
            <line branch="false" hits="1" number="485" precision="precise"/>
            <line branch="false" hits="1" number="487" precision="precise"/>
            <line branch="false" hits="1" number="488" precision="precise"/>
            <line branch="false" hits="1" number="489" precision="precise"/>
            <line branch="false" hits="1" number="490" precision="precise"/>
            <line branch="false" hits="1" number="491" precision="precise"/>
            <line branch="false" hits="1" number="492" precision="precise"/>
            <line branch="false" hits="1" number="493" precision="precise"/>
            <line branch="false" hits="1" number="494" precision="precise"/>
            <line branch="false" hits="1" number="495" precision="precise"/>
            <line branch="false" hits="1" number="496" precision="precise"/>
            <line branch="false" hits="1" number="497" precision="precise"/>
            <line branch="false" hits="1" number="498" precision="precise"/>
            <line branch="false" hits="1" number="499" precision="precise"/>
            <line branch="false" hits="1" number="501" precision="precise"/>
            <line branch="false" hits="1" number="502" precision="precise"/>
            <line branch="false" hits="1" number="503" precision="precise"/>
            <line branch="false" hits="1" number="504" precision="precise"/>
            <line branch="false" hits="1" number="510" precision="precise"/>
            <line branch="false" hits="1" number="512" precision="precise"/>
            <line branch="true" hits="1" number="513" precision="imprecise" condition-coverage="50% (1/2)"/>
            <line branch="false" hits="1" number="516" precision="precise"/>
            <line branch="false" hits="1" number="517" precision="precise"/>
            <line branch="false" hits="0" number="519" precision="any"/>
            <line branch="false" hits="0" number="520" precision="any"/>
            <line branch="false" hits="1" number="522" precision="precise"/>
            <line branch="false" hits="1" number="523" precision="precise"/>
            <line branch="false" hits="1" number="527" precision="precise"/>
            <line branch="false" hits="1" number="528" precision="precise"/>
            <line branch="false" hits="0" number="529" precision="any"/>
            <line branch="false" hits="1" number="531" precision="precise"/>
            <line branch="false" hits="1" number="532" precision="precise"/>
            <line branch="false" hits="1" number="534" precision="precise"/>
            <line branch="true" hits="1" number="536" precision="imprecise" condition-coverage="50% (1/2)"/>
            <line branch="true" hits="1" number="537" precision="imprecise" condition-coverage="50% (1/2)"/>
            <line branch="false" hits="1" number="538" precision="precise"/>
            <line branch="false" hits="1" number="539" precision="precise"/>
            <line branch="false" hits="1" number="541" precision="precise"/>
            <line branch="false" hits="1" number="544" precision="precise"/>
            <line branch="false" hits="1" number="545" precision="precise"/>
            <line branch="false" hits="1" number="546" precision="precise"/>
            <line branch="false" hits="1" number="547" precision="precise"/>
            <line branch="false" hits="1" number="550" precision="precise"/>
            <line branch="false" hits="1" number="551" precision="precise"/>
            <line branch="false" hits="1" number="554" precision="precise"/>
            <line branch="false" hits="1" number="555" precision="precise"/>
            <line branch="true" hits="1" number="558" precision="imprecise" condition-coverage="50% (1/2)"/>
            <line branch="false" hits="0" number="565" precision="any"/>
            <line branch="false" hits="0" number="567" precision="any"/>
            <line branch="false" hits="0" number="568" precision="any"/>
            <line branch="false" hits="0" number="569" precision="any"/>
            <line branch="false" hits="0" number="571" precision="any"/>
            <line branch="false" hits="0" number="573" precision="any"/>
            <line branch="false" hits="1" number="575" precision="precise"/>
            <line branch="false" hits="1" number="576" precision="precise"/>
            <line branch="false" hits="1" number="587" precision="precise"/>
            <line branch="false" hits="0" number="590" precision="any"/>
            <line branch="false" hits="0" number="591" precision="any"/>
            <line branch="false" hits="0" number="592" precision="any"/>
            <line branch="false" hits="1" number="594" precision="precise"/>
            <line branch="false" hits="1" number="595" precision="precise"/>
            <line branch="false" hits="1" number="596" precision="precise"/>
            <line branch="false" hits="1" number="597" precision="precise"/>
            <line branch="false" hits="1" number="598" precision="precise"/>
            <line branch="false" hits="1" number="599" precision="precise"/>
            <line branch="false" hits="1" number="600" precision="precise"/>
            <line branch="false" hits="1" number="601" precision="precise"/>
            <line branch="false" hits="1" number="602" precision="precise"/>
            <line branch="false" hits="1" number="603" precision="precise"/>
            <line branch="false" hits="1" number="604" precision="precise"/>
            <line branch="false" hits="1" number="605" precision="precise"/>
            <line branch="false" hits="1" number="609" precision="precise"/>
            <line branch="false" hits="1" number="611" precision="precise"/>
            <line branch="false" hits="0" number="613" precision="any"/>
            <line branch="false" hits="1" number="614" precision="precise"/>
            <line branch="false" hits="0" number="616" precision="any"/>
            <line branch="false" hits="1" number="617" precision="precise"/>
            <line branch="false" hits="1" number="618" precision="precise"/>
            <line branch="false" hits="1" number="619" precision="precise"/>
            <line branch="false" hits="1" number="622" precision="precise"/>
            <line branch="false" hits="1" number="623" precision="precise"/>
            <line branch="false" hits="1" number="624" precision="precise"/>
            <line branch="false" hits="1" number="627" precision="precise"/>
            <line branch="false" hits="1" number="628" precision="precise"/>
            <line branch="false" hits="1" number="630" precision="precise"/>
            <line branch="false" hits="0" number="632" precision="any"/>
            <line branch="false" hits="1" number="633" precision="precise"/>
            <line branch="false" hits="0" number="636" precision="any"/>
            <line branch="false" hits="0" number="637" precision="any"/>
            <line branch="false" hits="0" number="638" precision="any"/>
            <line branch="false" hits="1" number="640" precision="precise"/>
            <line branch="false" hits="1" number="641" precision="precise"/>
            <line branch="false" hits="1" number="642" precision="precise"/>
            <line branch="false" hits="1" number="643" precision="precise"/>
            <line branch="false" hits="1" number="646" precision="precise"/>
            <line branch="false" hits="1" number="647" precision="precise"/>
            <line branch="false" hits="1" number="648" precision="precise"/>
            <line branch="false" hits="1" number="651" precision="precise"/>
            <line branch="false" hits="0" number="654" precision="any"/>
            <line branch="false" hits="1" number="656" precision="precise"/>
            <line branch="false" hits="1" number="658" precision="precise"/>
            <line branch="false" hits="1" number="659" precision="precise"/>
            <line branch="false" hits="1" number="662" precision="precise"/>
            <line branch="false" hits="1" number="664" precision="precise"/>
            <line branch="false" hits="1" number="665" precision="precise"/>
            <line branch="false" hits="1" number="668" precision="precise"/>
            <line branch="false" hits="1" number="671" precision="precise"/>
            <line branch="false" hits="1" number="672" precision="precise"/>
            <line branch="false" hits="1" number="673" precision="precise"/>
            <line branch="false" hits="1" number="676" precision="precise"/>
            <line branch="false" hits="1" number="677" precision="precise"/>
            <line branch="false" hits="1" number="678" precision="precise"/>
            <line branch="false" hits="1" number="681" precision="precise"/>
            <line branch="false" hits="1" number="682" precision="precise"/>
            <line branch="false" hits="1" number="683" precision="precise"/>
            <line branch="false" hits="1" number="684" precision="precise"/>
            <line branch="false" hits="1" number="685" precision="precise"/>
            <line branch="false" hits="1" number="686" precision="precise"/>
            <line branch="false" hits="1" number="687" precision="precise"/>
            <line branch="false" hits="1" number="688" precision="precise"/>
            <line branch="true" hits="1" number="690" precision="imprecise" condition-coverage="50% (1/2)"/>
            <line branch="false" hits="1" number="691" precision="precise"/>
            <line branch="false" hits="1" number="693" precision="precise"/>
            <line branch="false" hits="1" number="694" precision="precise"/>
            <line branch="false" hits="1" number="695" precision="precise"/>
            <line branch="false" hits="1" number="699" precision="precise"/>
            <line branch="false" hits="1" number="700" precision="precise"/>
            <line branch="false" hits="1" number="701" precision="precise"/>
            <line branch="false" hits="1" number="702" precision="precise"/>
            <line branch="false" hits="1" number="704" precision="precise"/>
            <line branch="false" hits="1" number="706" precision="precise"/>
            <line branch="false" hits="1" number="709" precision="precise"/>
            <line branch="false" hits="1" number="710" precision="precise"/>
            <line branch="false" hits="1" number="711" precision="precise"/>
            <line branch="false" hits="1" number="712" precision="precise"/>
            <line branch="false" hits="1" number="713" precision="precise"/>
            <line branch="false" hits="1" number="715" precision="precise"/>
            <line branch="false" hits="1" number="717" precision="precise"/>
            <line branch="false" hits="1" number="718" precision="precise"/>
            <line branch="false" hits="1" number="720" precision="precise"/>
            <line branch="false" hits="1" number="722" precision="precise"/>
            <line branch="false" hits="1" number="723" precision="precise"/>
            <line branch="false" hits="1" number="724" precision="precise"/>
            <line branch="false" hits="1" number="726" precision="precise"/>
            <line branch="false" hits="1" number="728" precision="precise"/>
            <line branch="false" hits="1" number="729" precision="precise"/>
            <line branch="false" hits="1" number="732" precision="precise"/>
            <line branch="false" hits="1" number="733" precision="precise"/>
            <line branch="false" hits="1" number="736" precision="precise"/>
            <line branch="false" hits="1" number="737" precision="precise"/>
            <line branch="false" hits="1" number="738" precision="precise"/>
            <line branch="false" hits="1" number="739" precision="precise"/>
            <line branch="false" hits="1" number="740" precision="precise"/>
            <line branch="false" hits="1" number="741" precision="precise"/>
            <line branch="false" hits="1" number="742" precision="precise"/>
            <line branch="false" hits="1" number="743" precision="precise"/>
            <line branch="false" hits="1" number="744" precision="precise"/>
            <line branch="false" hits="1" number="747" precision="precise"/>
            <line branch="false" hits="1" number="748" precision="precise"/>
            <line branch="false" hits="1" number="751" precision="precise"/>
            <line branch="false" hits="1" number="752" precision="precise"/>
            <line branch="false" hits="1" number="753" precision="precise"/>
            <line branch="false" hits="1" number="754" precision="precise"/>
            <line branch="true" hits="1" number="756" precision="imprecise" condition-coverage="50% (1/2)"/>
            <line branch="false" hits="0" number="757" precision="any"/>
            <line branch="false" hits="1" number="758" precision="precise"/>
            <line branch="false" hits="1" number="760" precision="precise"/>
            <line branch="false" hits="1" number="761" precision="precise"/>
            <line branch="false" hits="1" number="762" precision="precise"/>
            <line branch="false" hits="1" number="765" precision="precise"/>
            <line branch="false" hits="1" number="766" precision="precise"/>
            <line branch="false" hits="1" number="767" precision="precise"/>
            <line branch="false" hits="1" number="770" precision="precise"/>
            <line branch="false" hits="1" number="771" precision="precise"/>
            <line branch="false" hits="1" number="772" precision="precise"/>
            <line branch="false" hits="1" number="774" precision="precise"/>
            <line branch="false" hits="1" number="775" precision="precise"/>
            <line branch="false" hits="1" number="779" precision="precise"/>
            <line branch="false" hits="1" number="780" precision="precise"/>
            <line branch="false" hits="1" number="781" precision="precise"/>
            <line branch="false" hits="1" number="782" precision="precise"/>
            <line branch="false" hits="1" number="783" precision="precise"/>
            <line branch="false" hits="1" number="785" precision="precise"/>
            <line branch="false" hits="1" number="788" precision="precise"/>
            <line branch="false" hits="1" number="789" precision="precise"/>
            <line branch="false" hits="1" number="790" precision="precise"/>
            <line branch="false" hits="1" number="792" precision="precise"/>
            <line branch="false" hits="1" number="793" precision="precise"/>
            <line branch="false" hits="1" number="796" precision="precise"/>
            <line branch="false" hits="1" number="797" precision="precise"/>
            <line branch="false" hits="1" number="799" precision="precise"/>
            <line branch="false" hits="1" number="800" precision="precise"/>
            <line branch="true" hits="1" number="803" precision="imprecise" condition-coverage="50% (1/2)"/>
            <line branch="false" hits="1" number="805" precision="precise"/>
            <line branch="false" hits="1" number="806" precision="precise"/>
            <line branch="false" hits="1" number="807" precision="precise"/>
            <line branch="true" hits="1" number="809" precision="imprecise" condition-coverage="50% (1/2)"/>
            <line branch="false" hits="1" number="810" precision="precise"/>
            <line branch="false" hits="1" number="812" precision="precise"/>
            <line branch="false" hits="1" number="815" precision="precise"/>
            <line branch="false" hits="1" number="818" precision="precise"/>
            <line branch="false" hits="1" number="819" precision="precise"/>
            <line branch="false" hits="1" number="820" precision="precise"/>
            <line branch="false" hits="1" number="821" precision="precise"/>
            <line branch="false" hits="1" number="822" precision="precise"/>
            <line branch="false" hits="1" number="823" precision="precise"/>
            <line branch="false" hits="1" number="824" precision="precise"/>
            <line branch="false" hits="1" number="825" precision="precise"/>
            <line branch="false" hits="1" number="829" precision="precise"/>
            <line branch="false" hits="1" number="830" precision="precise"/>
            <line branch="false" hits="1" number="831" precision="precise"/>
            <line branch="false" hits="1" number="834" precision="precise"/>
            <line branch="false" hits="1" number="835" precision="precise"/>
            <line branch="false" hits="1" number="836" precision="precise"/>
            <line branch="false" hits="1" number="838" precision="precise"/>
            <line branch="false" hits="1" number="839" precision="precise"/>
            <line branch="false" hits="1" number="841" precision="precise"/>
            <line branch="false" hits="1" number="842" precision="precise"/>
            <line branch="false" hits="1" number="843" precision="precise"/>
            <line branch="false" hits="1" number="844" precision="precise"/>
            <line branch="false" hits="1" number="846" precision="precise"/>
            <line branch="false" hits="1" number="847" precision="precise"/>
            <line branch="false" hits="1" number="848" precision="precise"/>
            <line branch="false" hits="1" number="849" precision="precise"/>
            <line branch="false" hits="1" number="851" precision="precise"/>
            <line branch="false" hits="1" number="852" precision="precise"/>
            <line branch="false" hits="1" number="853" precision="precise"/>
            <line branch="false" hits="1" number="854" precision="precise"/>
            <line branch="false" hits="1" number="857" precision="precise"/>
            <line branch="false" hits="1" number="858" precision="precise"/>
            <line branch="false" hits="1" number="860" precision="precise"/>
            <line branch="false" hits="1" number="863" precision="precise"/>
            <line branch="false" hits="1" number="864" precision="precise"/>
            <line branch="false" hits="1" number="865" precision="precise"/>
            <line branch="false" hits="1" number="866" precision="precise"/>
            <line branch="false" hits="1" number="867" precision="precise"/>
            <line branch="false" hits="1" number="869" precision="precise"/>
            <line branch="true" hits="1" number="870" precision="imprecise" condition-coverage="50% (1/2)"/>
            <line branch="false" hits="1" number="872" precision="precise"/>
            <line branch="false" hits="1" number="873" precision="precise"/>
            <line branch="false" hits="1" number="874" precision="precise"/>
            <line branch="false" hits="1" number="875" precision="precise"/>
            <line branch="false" hits="1" number="878" precision="precise"/>
            <line branch="false" hits="1" number="879" precision="precise"/>
            <line branch="true" hits="1" number="880" precision="imprecise" condition-coverage="50% (1/2)"/>
            <line branch="true" hits="1" number="881" precision="imprecise" condition-coverage="50% (1/2)"/>
            <line branch="true" hits="1" number="883" precision="imprecise" condition-coverage="50% (1/2)"/>
            <line branch="false" hits="1" number="885" precision="precise"/>
            <line branch="false" hits="0" number="888" precision="any"/>
            <line branch="false" hits="0" number="889" precision="any"/>
            <line branch="false" hits="0" number="890" precision="any"/>
            <line branch="false" hits="0" number="891" precision="any"/>
            <line branch="false" hits="1" number="893" precision="precise"/>
            <line branch="false" hits="1" number="894" precision="precise"/>
            <line branch="true" hits="1" number="895" precision="imprecise" condition-coverage="50% (1/2)"/>
            <line branch="false" hits="1" number="897" precision="precise"/>
            <line branch="false" hits="1" number="899" precision="precise"/>
            <line branch="false" hits="1" number="900" precision="precise"/>
            <line branch="false" hits="1" number="901" precision="precise"/>
            <line branch="false" hits="1" number="903" precision="precise"/>
            <line branch="false" hits="1" number="905" precision="precise"/>
            <line branch="false" hits="1" number="906" precision="precise"/>
            <line branch="false" hits="1" number="907" precision="precise"/>
            <line branch="false" hits="1" number="909" precision="precise"/>
            <line branch="false" hits="1" number="916" precision="precise"/>
            <line branch="false" hits="1" number="917" precision="precise"/>
            <line branch="false" hits="1" number="933" precision="precise"/>
            <line branch="false" hits="1" number="938" precision="precise"/>
            <line branch="false" hits="1" number="943" precision="precise"/>
            <line branch="false" hits="1" number="949" precision="precise"/>
            <line branch="false" hits="1" number="955" precision="precise"/>
            <line branch="false" hits="0" number="961" precision="any"/>
            <line branch="false" hits="1" number="962" precision="precise"/>
            <line branch="true" hits="1" number="967" precision="imprecise" condition-coverage="50% (1/2)"/>
            <line branch="false" hits="1" number="968" precision="precise"/>
            <line branch="false" hits="1" number="969" precision="precise"/>
            <line branch="false" hits="1" number="970" precision="precise"/>
            <line branch="false" hits="1" number="971" precision="precise"/>
            <line branch="false" hits="1" number="972" precision="precise"/>
            <line branch="false" hits="1" number="974" precision="precise"/>
            <line branch="false" hits="1" number="975" precision="precise"/>
            <line branch="false" hits="1" number="976" precision="precise"/>
            <line branch="false" hits="1" number="977" precision="precise"/>
            <line branch="false" hits="1" number="980" precision="precise"/>
            <line branch="true" hits="1" number="982" precision="imprecise" condition-coverage="50% (1/2)"/>
            <line branch="false" hits="1" number="983" precision="precise"/>
            <line branch="false" hits="1" number="984" precision="precise"/>
            <line branch="false" hits="1" number="985" precision="precise"/>
            <line branch="false" hits="1" number="986" precision="precise"/>
            <line branch="false" hits="1" number="987" precision="precise"/>
            <line branch="false" hits="1" number="989" precision="precise"/>
            <line branch="false" hits="1" number="990" precision="precise"/>
            <line branch="false" hits="1" number="991" precision="precise"/>
            <line branch="false" hits="1" number="992" precision="precise"/>
            <line branch="true" hits="1" number="996" precision="imprecise" condition-coverage="50% (1/2)"/>
            <line branch="false" hits="1" number="997" precision="precise"/>
            <line branch="false" hits="1" number="998" precision="precise"/>
            <line branch="false" hits="1" number="999" precision="precise"/>
            <line branch="false" hits="1" number="1000" precision="precise"/>
            <line branch="false" hits="1" number="1001" precision="precise"/>
            <line branch="false" hits="1" number="1003" precision="precise"/>
            <line branch="false" hits="1" number="1005" precision="precise"/>
            <line branch="false" hits="1" number="1006" precision="precise"/>
            <line branch="false" hits="1" number="1007" precision="precise"/>
            <line branch="false" hits="1" number="1009" precision="precise"/>
            <line branch="false" hits="1" number="1011" precision="precise"/>
            <line branch="false" hits="1" number="1012" precision="precise"/>
            <line branch="false" hits="1" number="1014" precision="precise"/>
            <line branch="false" hits="1" number="1015" precision="precise"/>
            <line branch="false" hits="1" number="1016" precision="precise"/>
            <line branch="false" hits="1" number="1018" precision="precise"/>
            <line branch="false" hits="1" number="1019" precision="precise"/>
            <line branch="false" hits="1" number="1020" precision="precise"/>
            <line branch="false" hits="1" number="1022" precision="precise"/>
            <line branch="false" hits="1" number="1041" precision="precise"/>
            <line branch="false" hits="1" number="1042" precision="precise"/>
            <line branch="false" hits="1" number="1044" precision="precise"/>
            <line branch="false" hits="1" number="1045" precision="precise"/>
            <line branch="false" hits="1" number="1046" precision="precise"/>
            <line branch="false" hits="1" number="1047" precision="precise"/>
            <line branch="false" hits="1" number="1049" precision="precise"/>
            <line branch="false" hits="1" number="1050" precision="precise"/>
            <line branch="false" hits="1" number="1051" precision="precise"/>
            <line branch="false" hits="1" number="1054" precision="precise"/>
            <line branch="false" hits="1" number="1055" precision="precise"/>
            <line branch="false" hits="1" number="1056" precision="unanalyzed"/>
            <line branch="false" hits="1" number="1057" precision="unanalyzed"/>
            <line branch="false" hits="1" number="1061" precision="precise"/>
            <line branch="false" hits="1" number="1062" precision="precise"/>
            <line branch="false" hits="1" number="1063" precision="precise"/>
            <line branch="false" hits="1" number="1065" precision="precise"/>
            <line branch="false" hits="1" number="1066" precision="precise"/>
            <line branch="false" hits="1" number="1067" precision="precise"/>
            <line branch="false" hits="1" number="1071" precision="precise"/>
            <line branch="false" hits="1" number="1072" precision="precise"/>
            <line branch="false" hits="1" number="1073" precision="precise"/>
            <line branch="false" hits="1" number="1077" precision="precise"/>
            <line branch="false" hits="1" number="1078" precision="precise"/>
            <line branch="false" hits="1" number="1079" precision="precise"/>
            <line branch="false" hits="1" number="1080" precision="precise"/>
            <line branch="false" hits="1" number="1083" precision="precise"/>
            <line branch="false" hits="1" number="1084" precision="precise"/>
            <line branch="false" hits="1" number="1087" precision="precise"/>
            <line branch="false" hits="1" number="1088" precision="precise"/>
            <line branch="false" hits="1" number="1089" precision="precise"/>
            <line branch="false" hits="1" number="1090" precision="precise"/>
            <line branch="false" hits="1" number="1091" precision="precise"/>
            <line branch="false" hits="1" number="1092" precision="precise"/>
            <line branch="false" hits="1" number="1095" precision="precise"/>
            <line branch="false" hits="1" number="1096" precision="precise"/>
            <line branch="false" hits="1" number="1097" precision="precise"/>
            <line branch="false" hits="1" number="1100" precision="precise"/>
            <line branch="false" hits="1" number="1101" precision="precise"/>
            <line branch="false" hits="1" number="1103" precision="precise"/>
            <line branch="false" hits="1" number="1104" precision="precise"/>
            <line branch="false" hits="1" number="1107" precision="precise"/>
            <line branch="false" hits="1" number="1108" precision="precise"/>
            <line branch="false" hits="1" number="1109" precision="precise"/>
            <line branch="false" hits="1" number="1111" precision="precise"/>
            <line branch="false" hits="1" number="1112" precision="precise"/>
            <line branch="false" hits="1" number="1116" precision="precise"/>
            <line branch="false" hits="1" number="1117" precision="precise"/>
            <line branch="false" hits="1" number="1119" precision="precise"/>
            <line branch="false" hits="1" number="1121" precision="precise"/>
            <line branch="false" hits="1" number="1122" precision="precise"/>
            <line branch="false" hits="1" number="1124" precision="unanalyzed"/>
            <line branch="false" hits="1" number="1125" precision="precise"/>
            <line branch="false" hits="1" number="1127" precision="precise"/>
            <line branch="false" hits="1" number="1135" precision="precise"/>
            <line branch="false" hits="1" number="1136" precision="precise"/>
            <line branch="false" hits="1" number="1137" precision="precise"/>
            <line branch="false" hits="1" number="1138" precision="precise"/>
            <line branch="false" hits="1" number="1140" precision="precise"/>
            <line branch="false" hits="1" number="1141" precision="precise"/>
            <line branch="false" hits="1" number="1142" precision="precise"/>
            <line branch="false" hits="1" number="1143" precision="precise"/>
            <line branch="false" hits="1" number="1145" precision="precise"/>
            <line branch="false" hits="1" number="1147" precision="precise"/>
            <line branch="false" hits="1" number="1149" precision="precise"/>
            <line branch="false" hits="1" number="1151" precision="precise"/>
            <line branch="false" hits="1" number="1152" precision="precise"/>
            <line branch="false" hits="1" number="1153" precision="precise"/>
            <line branch="false" hits="1" number="1155" precision="precise"/>
            <line branch="false" hits="1" number="1157" precision="precise"/>
            <line branch="false" hits="1" number="1158" precision="precise"/>
            <line branch="false" hits="1" number="1159" precision="precise"/>
            <line branch="false" hits="1" number="1161" precision="precise"/>
            <line branch="false" hits="1" number="1164" precision="precise"/>
            <line branch="false" hits="1" number="1165" precision="precise"/>
            <line branch="false" hits="1" number="1167" precision="precise"/>
            <line branch="false" hits="1" number="1168" precision="precise"/>
            <line branch="false" hits="1" number="1169" precision="precise"/>
            <line branch="false" hits="1" number="1171" precision="precise"/>
            <line branch="false" hits="1" number="1172" precision="precise"/>
            <line branch="false" hits="1" number="1173" precision="precise"/>
            <line branch="false" hits="1" number="1176" precision="precise"/>
            <line branch="false" hits="1" number="1177" precision="precise"/>
            <line branch="false" hits="1" number="1179" precision="precise"/>
            <line branch="false" hits="1" number="1182" precision="precise"/>
            <line branch="false" hits="1" number="1185" precision="precise"/>
            <line branch="false" hits="1" number="1188" precision="precise"/>
            <line branch="false" hits="1" number="1189" precision="precise"/>
            <line branch="false" hits="1" number="1190" precision="precise"/>
            <line branch="false" hits="1" number="1191" precision="precise"/>
            <line branch="false" hits="1" number="1192" precision="precise"/>
            <line branch="false" hits="1" number="1193" precision="precise"/>
            <line branch="false" hits="1" number="1197" precision="precise"/>
            <line branch="false" hits="1" number="1198" precision="precise"/>
            <line branch="false" hits="1" number="1199" precision="precise"/>
            <line branch="false" hits="1" number="1200" precision="precise"/>
            <line branch="false" hits="1" number="1201" precision="precise"/>
            <line branch="false" hits="1" number="1202" precision="precise"/>
            <line branch="false" hits="1" number="1203" precision="precise"/>
            <line branch="false" hits="1" number="1206" precision="precise"/>
            <line branch="false" hits="1" number="1207" precision="precise"/>
            <line branch="false" hits="1" number="1210" precision="precise"/>
            <line branch="false" hits="1" number="1212" precision="precise"/>
            <line branch="false" hits="1" number="1213" precision="precise"/>
            <line branch="false" hits="1" number="1214" precision="precise"/>
            <line branch="false" hits="1" number="1215" precision="precise"/>
            <line branch="false" hits="1" number="1216" precision="precise"/>
            <line branch="false" hits="1" number="1217" precision="precise"/>
            <line branch="false" hits="1" number="1218" precision="precise"/>
            <line branch="false" hits="1" number="1219" precision="precise"/>
            <line branch="false" hits="1" number="1220" precision="precise"/>
            <line branch="false" hits="1" number="1223" precision="precise"/>
            <line branch="false" hits="1" number="1224" precision="precise"/>
            <line branch="false" hits="1" number="1225" precision="precise"/>
            <line branch="false" hits="1" number="1226" precision="precise"/>
            <line branch="false" hits="1" number="1227" precision="precise"/>
            <line branch="false" hits="1" number="1228" precision="precise"/>
            <line branch="false" hits="1" number="1229" precision="precise"/>
            <line branch="false" hits="1" number="1234" precision="precise"/>
            <line branch="false" hits="1" number="1236" precision="precise"/>
            <line branch="false" hits="1" number="1237" precision="precise"/>
            <line branch="false" hits="1" number="1238" precision="precise"/>
            <line branch="false" hits="1" number="1239" precision="precise"/>
            <line branch="false" hits="1" number="1240" precision="precise"/>
            <line branch="false" hits="1" number="1241" precision="precise"/>
            <line branch="false" hits="1" number="1242" precision="precise"/>
            <line branch="false" hits="1" number="1243" precision="precise"/>
            <line branch="false" hits="1" number="1244" precision="precise"/>
            <line branch="false" hits="1" number="1247" precision="precise"/>
            <line branch="false" hits="1" number="1248" precision="precise"/>
            <line branch="false" hits="1" number="1249" precision="precise"/>
            <line branch="false" hits="1" number="1250" precision="precise"/>
            <line branch="false" hits="1" number="1251" precision="precise"/>
            <line branch="false" hits="1" number="1252" precision="precise"/>
            <line branch="false" hits="1" number="1253" precision="precise"/>
            <line branch="false" hits="1" number="1258" precision="precise"/>
            <line branch="false" hits="1" number="1259" precision="precise"/>
            <line branch="false" hits="1" number="1260" precision="precise"/>
            <line branch="false" hits="1" number="1261" precision="precise"/>
            <line branch="false" hits="1" number="1262" precision="precise"/>
            <line branch="false" hits="1" number="1263" precision="precise"/>
            <line branch="false" hits="1" number="1266" precision="precise"/>
            <line branch="false" hits="1" number="1267" precision="precise"/>
            <line branch="false" hits="1" number="1269" precision="precise"/>
            <line branch="false" hits="1" number="1270" precision="precise"/>
            <line branch="false" hits="1" number="1271" precision="precise"/>
            <line branch="false" hits="1" number="1272" precision="precise"/>
            <line branch="false" hits="1" number="1273" precision="precise"/>
            <line branch="false" hits="1" number="1276" precision="precise"/>
            <line branch="false" hits="1" number="1277" precision="precise"/>
            <line branch="false" hits="1" number="1278" precision="precise"/>
            <line branch="false" hits="1" number="1279" precision="precise"/>
            <line branch="false" hits="1" number="1280" precision="precise"/>
            <line branch="false" hits="1" number="1282" precision="precise"/>
            <line branch="false" hits="1" number="1284" precision="precise"/>
            <line branch="false" hits="1" number="1287" precision="precise"/>
            <line branch="false" hits="1" number="1289" precision="precise"/>
            <line branch="false" hits="1" number="1290" precision="precise"/>
            <line branch="false" hits="1" number="1291" precision="precise"/>
            <line branch="false" hits="1" number="1293" precision="precise"/>
            <line branch="false" hits="1" number="1296" precision="precise"/>
            <line branch="false" hits="1" number="1297" precision="precise"/>
            <line branch="false" hits="1" number="1298" precision="precise"/>
            <line branch="false" hits="1" number="1299" precision="precise"/>
          </lines>
        </class>
      </classes>
    </package>
    <package complexity="1.0" name="documenter" branch-rate="0" line-rate="0.6552">
      <classes>
        <class complexity="1.0" filename="documenter.py" name="documenter.py" branch-rate="0" line-rate="0.6552">
          <methods/>
          <lines>
            <line branch="false" hits="1" number="3" precision="precise"/>
            <line branch="false" hits="1" number="7" precision="precise"/>
            <line branch="false" hits="0" number="8" precision="any"/>
            <line branch="false" hits="1" number="12" precision="precise"/>
            <line branch="false" hits="1" number="13" precision="precise"/>
            <line branch="false" hits="1" number="14" precision="precise"/>
            <line branch="false" hits="1" number="15" precision="precise"/>
            <line branch="false" hits="1" number="16" precision="precise"/>
            <line branch="false" hits="1" number="17" precision="precise"/>
            <line branch="false" hits="1" number="20" precision="precise"/>
            <line branch="false" hits="1" number="21" precision="precise"/>
            <line branch="false" hits="1" number="24" precision="precise"/>
            <line branch="false" hits="1" number="27" precision="precise"/>
            <line branch="false" hits="1" number="28" precision="precise"/>
            <line branch="false" hits="1" number="29" precision="precise"/>
            <line branch="false" hits="1" number="30" precision="precise"/>
            <line branch="false" hits="1" number="31" precision="precise"/>
            <line branch="false" hits="0" number="32" precision="any"/>
            <line branch="false" hits="1" number="35" precision="precise"/>
            <line branch="false" hits="1" number="36" precision="precise"/>
            <line branch="false" hits="1" number="37" precision="precise"/>
            <line branch="false" hits="1" number="38" precision="precise"/>
            <line branch="false" hits="1" number="39" precision="precise"/>
            <line branch="false" hits="1" number="40" precision="precise"/>
            <line branch="false" hits="1" number="41" precision="precise"/>
            <line branch="false" hits="1" number="42" precision="precise"/>
            <line branch="false" hits="1" number="43" precision="precise"/>
            <line branch="false" hits="0" number="46" precision="any"/>
            <line branch="false" hits="0" number="49" precision="any"/>
            <line branch="false" hits="1" number="50" precision="precise"/>
            <line branch="false" hits="1" number="51" precision="precise"/>
            <line branch="false" hits="0" number="52" precision="any"/>
            <line branch="false" hits="1" number="55" precision="precise"/>
            <line branch="false" hits="0" number="56" precision="any"/>
            <line branch="false" hits="0" number="57" precision="any"/>
            <line branch="false" hits="0" number="58" precision="any"/>
            <line branch="false" hits="0" number="59" precision="any"/>
            <line branch="false" hits="1" number="61" precision="precise"/>
            <line branch="true" hits="1" number="63" precision="imprecise" condition-coverage="50% (1/2)"/>
            <line branch="false" hits="1" number="64" precision="precise"/>
            <line branch="false" hits="0" number="65" precision="any"/>
            <line branch="false" hits="0" number="66" precision="any"/>
            <line branch="false" hits="1" number="67" precision="precise"/>
            <line branch="false" hits="1" number="68" precision="precise"/>
            <line branch="false" hits="1" number="69" precision="precise"/>
            <line branch="false" hits="1" number="71" precision="precise"/>
            <line branch="false" hits="1" number="72" precision="precise"/>
            <line branch="false" hits="0" number="73" precision="any"/>
            <line branch="false" hits="1" number="76" precision="precise"/>
            <line branch="false" hits="0" number="77" precision="any"/>
            <line branch="false" hits="0" number="78" precision="any"/>
            <line branch="false" hits="0" number="79" precision="any"/>
            <line branch="false" hits="0" number="80" precision="any"/>
            <line branch="false" hits="0" number="81" precision="any"/>
            <line branch="false" hits="0" number="82" precision="any"/>
            <line branch="false" hits="0" number="83" precision="any"/>
            <line branch="false" hits="0" number="84" precision="any"/>
            <line branch="false" hits="0" number="88" precision="any"/>
            <line branch="false" hits="1" number="89" precision="precise"/>
            <line branch="false" hits="0" number="90" precision="any"/>
            <line branch="false" hits="0" number="91" precision="any"/>
            <line branch="false" hits="1" number="92" precision="precise"/>
            <line branch="false" hits="0" number="94" precision="any"/>
            <line branch="true" hits="1" number="95" precision="imprecise" condition-coverage="50% (1/2)"/>
            <line branch="false" hits="1" number="96" precision="precise"/>
            <line branch="false" hits="0" number="97" precision="any"/>
            <line branch="false" hits="0" number="98" precision="any"/>
            <line branch="false" hits="0" number="99" precision="any"/>
            <line branch="false" hits="1" number="100" precision="precise"/>
            <line branch="false" hits="1" number="101" precision="precise"/>
            <line branch="false" hits="1" number="102" precision="precise"/>
            <line branch="false" hits="1" number="104" precision="precise"/>
            <line branch="false" hits="0" number="106" precision="any"/>
            <line branch="false" hits="0" number="108" precision="any"/>
            <line branch="false" hits="0" number="110" precision="any"/>
            <line branch="false" hits="1" number="111" precision="precise"/>
            <line branch="false" hits="0" number="112" precision="any"/>
            <line branch="false" hits="0" number="114" precision="any"/>
            <line branch="false" hits="1" number="115" precision="precise"/>
            <line branch="false" hits="1" number="116" precision="precise"/>
            <line branch="false" hits="0" number="117" precision="any"/>
            <line branch="false" hits="0" number="119" precision="any"/>
            <line branch="false" hits="1" number="121" precision="precise"/>
            <line branch="false" hits="0" number="122" precision="any"/>
            <line branch="false" hits="0" number="123" precision="any"/>
            <line branch="false" hits="1" number="124" precision="precise"/>
            <line branch="false" hits="0" number="125" precision="any"/>
            <line branch="false" hits="0" number="126" precision="any"/>
            <line branch="false" hits="1" number="128" precision="precise"/>
            <line branch="false" hits="0" number="129" precision="any"/>
            <line branch="false" hits="1" number="131" precision="precise"/>
            <line branch="false" hits="1" number="132" precision="precise"/>
            <line branch="false" hits="0" number="133" precision="any"/>
            <line branch="false" hits="0" number="135" precision="any"/>
            <line branch="false" hits="0" number="138" precision="any"/>
            <line branch="false" hits="1" number="139" precision="precise"/>
            <line branch="false" hits="0" number="140" precision="any"/>
            <line branch="false" hits="0" number="142" precision="any"/>
            <line branch="false" hits="0" number="143" precision="any"/>
            <line branch="false" hits="1" number="144" precision="precise"/>
            <line branch="false" hits="0" number="145" precision="any"/>
            <line branch="false" hits="0" number="148" precision="any"/>
            <line branch="false" hits="1" number="150" precision="precise"/>
            <line branch="false" hits="0" number="151" precision="any"/>
            <line branch="false" hits="1" number="154" precision="precise"/>
            <line branch="false" hits="1" number="157" precision="precise"/>
            <line branch="true" hits="1" number="160" precision="imprecise" condition-coverage="50% (1/2)"/>
            <line branch="true" hits="1" number="161" precision="imprecise" condition-coverage="50% (1/2)"/>
            <line branch="true" hits="1" number="162" precision="imprecise" condition-coverage="50% (1/2)"/>
            <line branch="true" hits="1" number="163" precision="imprecise" condition-coverage="50% (1/2)"/>
            <line branch="true" hits="1" number="164" precision="imprecise" condition-coverage="50% (1/2)"/>
            <line branch="false" hits="1" number="167" precision="precise"/>
            <line branch="false" hits="1" number="168" precision="precise"/>
            <line branch="false" hits="0" number="169" precision="any"/>
            <line branch="false" hits="1" number="172" precision="precise"/>
            <line branch="true" hits="1" number="175" precision="imprecise" condition-coverage="50% (1/2)"/>
            <line branch="false" hits="1" number="176" precision="precise"/>
            <line branch="false" hits="1" number="177" precision="precise"/>
            <line branch="false" hits="1" number="178" precision="precise"/>
            <line branch="false" hits="1" number="179" precision="precise"/>
            <line branch="false" hits="1" number="180" precision="precise"/>
            <line branch="false" hits="1" number="181" precision="precise"/>
            <line branch="false" hits="1" number="182" precision="precise"/>
            <line branch="false" hits="1" number="183" precision="precise"/>
            <line branch="false" hits="1" number="184" precision="precise"/>
            <line branch="false" hits="1" number="185" precision="precise"/>
            <line branch="false" hits="1" number="187" precision="precise"/>
            <line branch="false" hits="1" number="188" precision="precise"/>
            <line branch="false" hits="1" number="189" precision="precise"/>
            <line branch="false" hits="1" number="190" precision="precise"/>
            <line branch="false" hits="1" number="194" precision="precise"/>
            <line branch="true" hits="1" number="195" precision="imprecise" condition-coverage="50% (1/2)"/>
            <line branch="false" hits="1" number="196" precision="precise"/>
            <line branch="false" hits="1" number="197" precision="precise"/>
            <line branch="false" hits="1" number="198" precision="precise"/>
            <line branch="false" hits="1" number="199" precision="precise"/>
            <line branch="false" hits="1" number="200" precision="precise"/>
            <line branch="false" hits="0" number="201" precision="any"/>
            <line branch="false" hits="1" number="203" precision="precise"/>
            <line branch="false" hits="1" number="204" precision="precise"/>
            <line branch="false" hits="1" number="205" precision="precise"/>
            <line branch="false" hits="1" number="206" precision="precise"/>
            <line branch="false" hits="1" number="207" precision="precise"/>
            <line branch="false" hits="1" number="208" precision="precise"/>
            <line branch="false" hits="1" number="210" precision="precise"/>
            <line branch="false" hits="1" number="211" precision="precise"/>
            <line branch="false" hits="1" number="212" precision="precise"/>
            <line branch="false" hits="1" number="213" precision="precise"/>
            <line branch="false" hits="1" number="216" precision="precise"/>
            <line branch="false" hits="1" number="217" precision="precise"/>
            <line branch="false" hits="1" number="218" precision="precise"/>
            <line branch="false" hits="1" number="221" precision="precise"/>
            <line branch="false" hits="1" number="222" precision="precise"/>
            <line branch="false" hits="1" number="223" precision="precise"/>
            <line branch="false" hits="1" number="226" precision="precise"/>
            <line branch="false" hits="1" number="227" precision="precise"/>
            <line branch="true" hits="1" number="230" precision="imprecise" condition-coverage="50% (1/2)"/>
            <line branch="false" hits="0" number="233" precision="any"/>
            <line branch="false" hits="1" number="234" precision="precise"/>
            <line branch="false" hits="1" number="236" precision="precise"/>
            <line branch="false" hits="1" number="237" precision="precise"/>
            <line branch="false" hits="0" number="238" precision="any"/>
            <line branch="false" hits="1" number="239" precision="precise"/>
            <line branch="false" hits="1" number="241" precision="precise"/>
            <line branch="false" hits="1" number="242" precision="precise"/>
            <line branch="false" hits="0" number="245" precision="any"/>
            <line branch="false" hits="1" number="248" precision="precise"/>
            <line branch="false" hits="0" number="249" precision="any"/>
            <line branch="false" hits="0" number="250" precision="any"/>
            <line branch="false" hits="0" number="251" precision="any"/>
            <line branch="false" hits="0" number="252" precision="any"/>
            <line branch="false" hits="0" number="256" precision="any"/>
            <line branch="false" hits="0" number="257" precision="any"/>
            <line branch="false" hits="1" number="260" precision="precise"/>
            <line branch="false" hits="0" number="261" precision="any"/>
            <line branch="false" hits="1" number="264" precision="precise"/>
            <line branch="true" hits="1" number="265" precision="imprecise" condition-coverage="50% (1/2)"/>
            <line branch="false" hits="0" number="266" precision="any"/>
            <line branch="false" hits="1" number="267" precision="precise"/>
            <line branch="false" hits="0" number="271" precision="any"/>
            <line branch="false" hits="1" number="273" precision="precise"/>
            <line branch="false" hits="0" number="274" precision="any"/>
            <line branch="true" hits="1" number="277" precision="imprecise" condition-coverage="50% (1/2)"/>
            <line branch="false" hits="0" number="280" precision="any"/>
            <line branch="false" hits="1" number="281" precision="precise"/>
            <line branch="false" hits="1" number="283" precision="precise"/>
            <line branch="false" hits="1" number="284" precision="precise"/>
            <line branch="false" hits="1" number="287" precision="precise"/>
            <line branch="false" hits="1" number="291" precision="precise"/>
            <line branch="false" hits="1" number="293" precision="precise"/>
            <line branch="false" hits="1" number="296" precision="precise"/>
            <line branch="false" hits="1" number="298" precision="precise"/>
            <line branch="false" hits="1" number="301" precision="precise"/>
            <line branch="false" hits="0" number="303" precision="any"/>
            <line branch="false" hits="0" number="309" precision="any"/>
            <line branch="false" hits="1" number="311" precision="precise"/>
            <line branch="false" hits="0" number="312" precision="any"/>
            <line branch="false" hits="1" number="313" precision="precise"/>
            <line branch="false" hits="1" number="314" precision="precise"/>
            <line branch="false" hits="0" number="315" precision="any"/>
            <line branch="false" hits="0" number="316" precision="any"/>
            <line branch="false" hits="1" number="319" precision="precise"/>
            <line branch="false" hits="0" number="320" precision="any"/>
          </lines>
        </class>
      </classes>
    </package>
    <package complexity="1.0" name="ui" branch-rate="0" line-rate="0.1877">
      <classes>
        <class complexity="1.0" filename="ui.py" name="ui.py" branch-rate="0" line-rate="0.1877">
          <methods/>
          <lines>
            <line branch="false" hits="1" number="3" precision="precise"/>
            <line branch="false" hits="1" number="4" precision="precise"/>
            <line branch="false" hits="1" number="5" precision="precise"/>
            <line branch="false" hits="0" number="6" precision="any"/>
            <line branch="false" hits="0" number="7" precision="any"/>
            <line branch="false" hits="1" number="8" precision="precise"/>
            <line branch="false" hits="1" number="9" precision="precise"/>
            <line branch="false" hits="0" number="14" precision="any"/>
            <line branch="false" hits="1" number="15" precision="precise"/>
            <line branch="false" hits="1" number="16" precision="precise"/>
            <line branch="false" hits="1" number="17" precision="precise"/>
            <line branch="false" hits="1" number="18" precision="precise"/>
            <line branch="false" hits="1" number="22" precision="precise"/>
            <line branch="false" hits="1" number="23" precision="precise"/>
            <line branch="false" hits="1" number="24" precision="precise"/>
            <line branch="false" hits="1" number="27" precision="precise"/>
            <line branch="false" hits="1" number="30" precision="precise"/>
            <line branch="false" hits="1" number="31" precision="precise"/>
            <line branch="false" hits="0" number="32" precision="any"/>
            <line branch="false" hits="0" number="33" precision="any"/>
            <line branch="false" hits="0" number="34" precision="any"/>
            <line branch="false" hits="0" number="36" precision="any"/>
            <line branch="false" hits="1" number="38" precision="precise"/>
            <line branch="false" hits="0" number="39" precision="any"/>
            <line branch="false" hits="0" number="43" precision="any"/>
            <line branch="false" hits="0" number="44" precision="any"/>
            <line branch="false" hits="0" number="47" precision="any"/>
            <line branch="false" hits="0" number="48" precision="any"/>
            <line branch="false" hits="0" number="49" precision="any"/>
            <line branch="false" hits="0" number="50" precision="any"/>
            <line branch="false" hits="0" number="51" precision="any"/>
            <line branch="false" hits="0" number="54" precision="any"/>
            <line branch="false" hits="0" number="55" precision="any"/>
            <line branch="false" hits="0" number="56" precision="any"/>
            <line branch="false" hits="0" number="57" precision="any"/>
            <line branch="false" hits="0" number="58" precision="any"/>
            <line branch="false" hits="0" number="61" precision="any"/>
            <line branch="false" hits="0" number="62" precision="any"/>
            <line branch="false" hits="0" number="63" precision="any"/>
            <line branch="false" hits="0" number="65" precision="any"/>
            <line branch="false" hits="0" number="66" precision="any"/>
            <line branch="false" hits="1" number="67" precision="precise"/>
            <line branch="false" hits="0" number="68" precision="any"/>
            <line branch="false" hits="0" number="71" precision="any"/>
            <line branch="false" hits="0" number="73" precision="any"/>
            <line branch="false" hits="0" number="75" precision="any"/>
            <line branch="false" hits="1" number="77" precision="precise"/>
            <line branch="false" hits="0" number="78" precision="any"/>
            <line branch="false" hits="0" number="80" precision="any"/>
            <line branch="false" hits="0" number="81" precision="any"/>
            <line branch="false" hits="0" number="83" precision="any"/>
            <line branch="false" hits="0" number="84" precision="any"/>
            <line branch="false" hits="0" number="85" precision="any"/>
            <line branch="false" hits="0" number="86" precision="any"/>
            <line branch="false" hits="0" number="87" precision="any"/>
            <line branch="false" hits="1" number="89" precision="precise"/>
            <line branch="false" hits="0" number="91" precision="any"/>
            <line branch="false" hits="0" number="92" precision="any"/>
            <line branch="false" hits="0" number="93" precision="any"/>
            <line branch="false" hits="0" number="98" precision="any"/>
            <line branch="false" hits="0" number="99" precision="any"/>
            <line branch="false" hits="0" number="100" precision="any"/>
            <line branch="false" hits="0" number="101" precision="any"/>
            <line branch="false" hits="0" number="102" precision="any"/>
            <line branch="false" hits="0" number="103" precision="any"/>
            <line branch="false" hits="0" number="104" precision="any"/>
            <line branch="false" hits="0" number="105" precision="any"/>
            <line branch="false" hits="0" number="106" precision="any"/>
            <line branch="false" hits="0" number="107" precision="any"/>
            <line branch="false" hits="0" number="108" precision="any"/>
            <line branch="false" hits="0" number="111" precision="any"/>
            <line branch="false" hits="0" number="113" precision="any"/>
            <line branch="false" hits="1" number="116" precision="precise"/>
            <line branch="false" hits="1" number="117" precision="precise"/>
            <line branch="false" hits="0" number="118" precision="any"/>
            <line branch="false" hits="1" number="119" precision="precise"/>
            <line branch="false" hits="1" number="120" precision="precise"/>
            <line branch="false" hits="1" number="122" precision="precise"/>
            <line branch="false" hits="0" number="123" precision="any"/>
            <line branch="false" hits="0" number="125" precision="any"/>
            <line branch="false" hits="0" number="126" precision="any"/>
            <line branch="false" hits="0" number="127" precision="any"/>
            <line branch="false" hits="1" number="130" precision="precise"/>
            <line branch="false" hits="0" number="131" precision="any"/>
            <line branch="false" hits="0" number="133" precision="any"/>
            <line branch="false" hits="0" number="134" precision="any"/>
            <line branch="false" hits="0" number="135" precision="any"/>
            <line branch="false" hits="0" number="137" precision="any"/>
            <line branch="false" hits="0" number="138" precision="any"/>
            <line branch="false" hits="1" number="141" precision="precise"/>
            <line branch="false" hits="0" number="142" precision="any"/>
            <line branch="false" hits="0" number="144" precision="any"/>
            <line branch="false" hits="1" number="146" precision="precise"/>
            <line branch="false" hits="0" number="147" precision="any"/>
            <line branch="false" hits="0" number="148" precision="any"/>
            <line branch="false" hits="0" number="149" precision="any"/>
            <line branch="false" hits="0" number="150" precision="any"/>
            <line branch="false" hits="0" number="151" precision="any"/>
            <line branch="false" hits="0" number="152" precision="any"/>
            <line branch="false" hits="0" number="153" precision="any"/>
            <line branch="false" hits="0" number="155" precision="any"/>
            <line branch="false" hits="0" number="156" precision="any"/>
            <line branch="false" hits="0" number="158" precision="any"/>
            <line branch="false" hits="0" number="159" precision="any"/>
            <line branch="false" hits="0" number="160" precision="any"/>
            <line branch="false" hits="0" number="161" precision="any"/>
            <line branch="false" hits="0" number="162" precision="any"/>
            <line branch="false" hits="1" number="164" precision="precise"/>
            <line branch="false" hits="0" number="166" precision="any"/>
            <line branch="false" hits="0" number="167" precision="any"/>
            <line branch="false" hits="0" number="172" precision="any"/>
            <line branch="false" hits="0" number="173" precision="any"/>
            <line branch="false" hits="0" number="174" precision="any"/>
            <line branch="false" hits="0" number="175" precision="any"/>
            <line branch="false" hits="0" number="176" precision="any"/>
            <line branch="false" hits="0" number="177" precision="any"/>
            <line branch="false" hits="0" number="178" precision="any"/>
            <line branch="false" hits="0" number="179" precision="any"/>
            <line branch="false" hits="0" number="181" precision="any"/>
            <line branch="false" hits="1" number="183" precision="precise"/>
            <line branch="false" hits="0" number="184" precision="any"/>
            <line branch="false" hits="0" number="185" precision="any"/>
            <line branch="false" hits="0" number="186" precision="any"/>
            <line branch="false" hits="0" number="187" precision="any"/>
            <line branch="false" hits="0" number="188" precision="any"/>
            <line branch="false" hits="0" number="189" precision="any"/>
            <line branch="false" hits="0" number="190" precision="any"/>
            <line branch="false" hits="0" number="192" precision="any"/>
            <line branch="false" hits="0" number="193" precision="any"/>
            <line branch="false" hits="0" number="195" precision="any"/>
            <line branch="false" hits="0" number="196" precision="any"/>
            <line branch="false" hits="0" number="197" precision="any"/>
            <line branch="false" hits="0" number="198" precision="any"/>
            <line branch="false" hits="0" number="199" precision="any"/>
            <line branch="false" hits="1" number="201" precision="precise"/>
            <line branch="false" hits="0" number="203" precision="any"/>
            <line branch="false" hits="0" number="204" precision="any"/>
            <line branch="false" hits="0" number="209" precision="any"/>
            <line branch="false" hits="0" number="210" precision="any"/>
            <line branch="false" hits="0" number="211" precision="any"/>
            <line branch="false" hits="0" number="212" precision="any"/>
            <line branch="false" hits="0" number="213" precision="any"/>
            <line branch="false" hits="0" number="214" precision="any"/>
            <line branch="false" hits="0" number="215" precision="any"/>
            <line branch="false" hits="0" number="216" precision="any"/>
            <line branch="false" hits="0" number="217" precision="any"/>
            <line branch="false" hits="0" number="219" precision="any"/>
            <line branch="false" hits="1" number="221" precision="precise"/>
            <line branch="false" hits="0" number="222" precision="any"/>
            <line branch="false" hits="0" number="223" precision="any"/>
            <line branch="false" hits="0" number="224" precision="any"/>
            <line branch="false" hits="0" number="225" precision="any"/>
            <line branch="false" hits="0" number="226" precision="any"/>
            <line branch="false" hits="0" number="227" precision="any"/>
            <line branch="false" hits="0" number="228" precision="any"/>
            <line branch="false" hits="0" number="229" precision="any"/>
            <line branch="false" hits="0" number="230" precision="any"/>
            <line branch="false" hits="0" number="232" precision="any"/>
            <line branch="false" hits="0" number="233" precision="any"/>
            <line branch="false" hits="0" number="235" precision="any"/>
            <line branch="false" hits="0" number="236" precision="any"/>
            <line branch="false" hits="0" number="237" precision="any"/>
            <line branch="false" hits="0" number="238" precision="any"/>
            <line branch="false" hits="0" number="239" precision="any"/>
            <line branch="false" hits="0" number="240" precision="any"/>
            <line branch="false" hits="0" number="241" precision="any"/>
            <line branch="false" hits="1" number="243" precision="precise"/>
            <line branch="false" hits="0" number="245" precision="any"/>
            <line branch="false" hits="0" number="246" precision="any"/>
            <line branch="false" hits="0" number="247" precision="any"/>
            <line branch="false" hits="0" number="248" precision="any"/>
            <line branch="false" hits="0" number="253" precision="any"/>
            <line branch="false" hits="1" number="254" precision="precise"/>
            <line branch="false" hits="1" number="255" precision="precise"/>
            <line branch="false" hits="0" number="256" precision="any"/>
            <line branch="false" hits="1" number="257" precision="precise"/>
            <line branch="false" hits="1" number="258" precision="precise"/>
            <line branch="false" hits="0" number="259" precision="any"/>
            <line branch="false" hits="1" number="260" precision="precise"/>
            <line branch="false" hits="0" number="261" precision="any"/>
            <line branch="false" hits="0" number="263" precision="any"/>
            <line branch="false" hits="0" number="264" precision="any"/>
            <line branch="false" hits="0" number="265" precision="any"/>
            <line branch="false" hits="0" number="266" precision="any"/>
            <line branch="false" hits="0" number="267" precision="any"/>
            <line branch="false" hits="0" number="268" precision="any"/>
            <line branch="false" hits="0" number="269" precision="any"/>
            <line branch="false" hits="0" number="270" precision="any"/>
            <line branch="false" hits="0" number="271" precision="any"/>
            <line branch="false" hits="0" number="272" precision="any"/>
            <line branch="false" hits="0" number="273" precision="any"/>
            <line branch="false" hits="0" number="274" precision="any"/>
            <line branch="false" hits="0" number="275" precision="any"/>
            <line branch="false" hits="0" number="276" precision="any"/>
            <line branch="false" hits="0" number="277" precision="any"/>
            <line branch="false" hits="0" number="278" precision="any"/>
            <line branch="false" hits="0" number="279" precision="any"/>
            <line branch="false" hits="0" number="281" precision="any"/>
            <line branch="false" hits="0" number="283" precision="any"/>
            <line branch="false" hits="0" number="285" precision="any"/>
            <line branch="false" hits="0" number="286" precision="any"/>
            <line branch="false" hits="0" number="288" precision="any"/>
            <line branch="false" hits="0" number="289" precision="any"/>
            <line branch="false" hits="0" number="290" precision="any"/>
            <line branch="false" hits="0" number="291" precision="any"/>
            <line branch="false" hits="0" number="292" precision="any"/>
            <line branch="false" hits="0" number="297" precision="any"/>
            <line branch="false" hits="0" number="298" precision="any"/>
            <line branch="false" hits="0" number="299" precision="any"/>
            <line branch="false" hits="0" number="300" precision="any"/>
            <line branch="false" hits="0" number="301" precision="any"/>
            <line branch="false" hits="0" number="302" precision="any"/>
            <line branch="false" hits="0" number="303" precision="any"/>
            <line branch="false" hits="0" number="304" precision="any"/>
            <line branch="false" hits="0" number="305" precision="any"/>
            <line branch="false" hits="0" number="306" precision="any"/>
            <line branch="false" hits="1" number="308" precision="precise"/>
            <line branch="false" hits="0" number="309" precision="any"/>
            <line branch="false" hits="0" number="311" precision="any"/>
            <line branch="false" hits="0" number="313" precision="any"/>
            <line branch="false" hits="0" number="314" precision="any"/>
            <line branch="false" hits="0" number="315" precision="any"/>
            <line branch="false" hits="0" number="319" precision="any"/>
            <line branch="false" hits="0" number="320" precision="any"/>
            <line branch="false" hits="0" number="322" precision="any"/>
            <line branch="false" hits="0" number="325" precision="any"/>
            <line branch="true" hits="1" number="327" precision="imprecise" condition-coverage="50% (1/2)"/>
            <line branch="false" hits="0" number="328" precision="any"/>
            <line branch="false" hits="0" number="329" precision="any"/>
            <line branch="false" hits="0" number="330" precision="any"/>
            <line branch="false" hits="0" number="331" precision="any"/>
            <line branch="false" hits="0" number="332" precision="any"/>
            <line branch="false" hits="0" number="333" precision="any"/>
            <line branch="false" hits="0" number="334" precision="any"/>
            <line branch="false" hits="1" number="335" precision="precise"/>
            <line branch="false" hits="1" number="336" precision="precise"/>
            <line branch="false" hits="1" number="337" precision="precise"/>
            <line branch="false" hits="1" number="339" precision="precise"/>
            <line branch="false" hits="0" number="340" precision="any"/>
            <line branch="false" hits="0" number="341" precision="any"/>
            <line branch="false" hits="1" number="344" precision="precise"/>
            <line branch="false" hits="0" number="345" precision="any"/>
            <line branch="false" hits="0" number="347" precision="any"/>
            <line branch="false" hits="0" number="350" precision="any"/>
            <line branch="false" hits="0" number="352" precision="any"/>
            <line branch="false" hits="0" number="353" precision="any"/>
            <line branch="false" hits="0" number="354" precision="any"/>
            <line branch="false" hits="0" number="355" precision="any"/>
            <line branch="false" hits="0" number="357" precision="any"/>
            <line branch="false" hits="0" number="358" precision="any"/>
            <line branch="false" hits="0" number="360" precision="any"/>
            <line branch="false" hits="0" number="361" precision="any"/>
            <line branch="false" hits="0" number="365" precision="any"/>
            <line branch="false" hits="0" number="366" precision="any"/>
            <line branch="false" hits="1" number="368" precision="precise"/>
            <line branch="false" hits="0" number="369" precision="any"/>
            <line branch="false" hits="0" number="371" precision="any"/>
            <line branch="false" hits="0" number="375" precision="any"/>
            <line branch="false" hits="0" number="376" precision="any"/>
            <line branch="false" hits="0" number="379" precision="any"/>
            <line branch="false" hits="0" number="380" precision="any"/>
            <line branch="false" hits="0" number="384" precision="any"/>
            <line branch="false" hits="0" number="385" precision="any"/>
            <line branch="false" hits="1" number="387" precision="precise"/>
            <line branch="false" hits="0" number="388" precision="any"/>
            <line branch="false" hits="1" number="391" precision="precise"/>
            <line branch="false" hits="0" number="392" precision="any"/>
            <line branch="false" hits="0" number="393" precision="any"/>
            <line branch="false" hits="1" number="396" precision="precise"/>
            <line branch="false" hits="1" number="397" precision="precise"/>
            <line branch="false" hits="0" number="398" precision="any"/>
            <line branch="false" hits="1" number="399" precision="precise"/>
            <line branch="false" hits="0" number="400" precision="any"/>
            <line branch="false" hits="1" number="401" precision="precise"/>
            <line branch="false" hits="0" number="402" precision="any"/>
            <line branch="false" hits="1" number="405" precision="precise"/>
            <line branch="false" hits="0" number="406" precision="any"/>
          </lines>
        </class>
      </classes>
    </package>
  </packages>
</coverage>
